<?xml version="1.0" encoding="UTF-8"?>
<testng-results ignored="0" total="0" passed="0" failed="0" skipped="0">
  <reporter-output>
  </reporter-output>
  <suite started-at="2024-01-15T13:09:25 IST" name="Cucumber Suite" finished-at="2024-01-15T13:09:25 IST" duration-ms="24">
    <groups>
    </groups>
    <test started-at="2024-01-15T13:09:25 IST" name="Cucumber Test" finished-at="2024-01-15T13:09:25 IST" duration-ms="24">
    </test> <!-- Cucumber Test -->
  </suite> <!-- Cucumber Suite -->
</testng-results>
